This is pdfTeX, Version 3.14159265-2.6-1.40.15 (TeX Live 2014) (preloaded format=pdflatex 2014.5.25)  23 APR 2015 15:51
entering extended mode
 restricted \write18 enabled.
 %&-line parsing enabled.
**FinalReport.tex
(./FinalReport.tex
LaTeX2e <2014/05/01>
Babel <3.9k> and hyphenation patterns for 78 languages loaded.
(/usr/local/texlive/2014/texmf-dist/tex/latex/base/article.cls
Document Class: article 2007/10/19 v1.4h Standard LaTeX document class
(/usr/local/texlive/2014/texmf-dist/tex/latex/base/size12.clo
File: size12.clo 2007/10/19 v1.4h Standard LaTeX file (size option)
)
\c@part=\count79
\c@section=\count80
\c@subsection=\count81
\c@subsubsection=\count82
\c@paragraph=\count83
\c@subparagraph=\count84
\c@figure=\count85
\c@table=\count86
\abovecaptionskip=\skip41
\belowcaptionskip=\skip42
\bibindent=\dimen102
)
(./uwyo_report.sty
Package: uwyo_report 

(/usr/local/texlive/2014/texmf-dist/tex/latex/graphics/graphicx.sty
Package: graphicx 2014/04/25 v1.0g Enhanced LaTeX Graphics (DPC,SPQR)

(/usr/local/texlive/2014/texmf-dist/tex/latex/graphics/keyval.sty
Package: keyval 2014/05/08 v1.15 key=value parser (DPC)
\KV@toks@=\toks14
)
(/usr/local/texlive/2014/texmf-dist/tex/latex/graphics/graphics.sty
Package: graphics 2009/02/05 v1.0o Standard LaTeX Graphics (DPC,SPQR)

(/usr/local/texlive/2014/texmf-dist/tex/latex/graphics/trig.sty
Package: trig 1999/03/16 v1.09 sin cos tan (DPC)
)
(/usr/local/texlive/2014/texmf-dist/tex/latex/latexconfig/graphics.cfg
File: graphics.cfg 2010/04/23 v1.9 graphics configuration of TeX Live
)
Package graphics Info: Driver file: pdftex.def on input line 91.

(/usr/local/texlive/2014/texmf-dist/tex/latex/pdftex-def/pdftex.def
File: pdftex.def 2011/05/27 v0.06d Graphics/color for pdfTeX

(/usr/local/texlive/2014/texmf-dist/tex/generic/oberdiek/infwarerr.sty
Package: infwarerr 2010/04/08 v1.3 Providing info/warning/error messages (HO)
)
(/usr/local/texlive/2014/texmf-dist/tex/generic/oberdiek/ltxcmds.sty
Package: ltxcmds 2011/11/09 v1.22 LaTeX kernel commands for general use (HO)
)
\Gread@gobject=\count87
))
\Gin@req@height=\dimen103
\Gin@req@width=\dimen104
)
(/usr/local/texlive/2014/texmf-dist/tex/latex/cite/cite.sty
LaTeX Info: Redefining \cite on input line 302.
LaTeX Info: Redefining \nocite on input line 373.
Package: cite 2010/09/10  v 5.3
)
(/usr/local/texlive/2014/texmf-dist/tex/latex/url/url.sty
\Urlmuskip=\muskip10
Package: url 2013/09/16  ver 3.4  Verb mode for urls, etc.
)
(/usr/local/texlive/2014/texmf-dist/tex/latex/listings/listings.sty
\lst@mode=\count88
\lst@gtempboxa=\box26
\lst@token=\toks15
\lst@length=\count89
\lst@currlwidth=\dimen105
\lst@column=\count90
\lst@pos=\count91
\lst@lostspace=\dimen106
\lst@width=\dimen107
\lst@newlines=\count92
\lst@lineno=\count93
\lst@maxwidth=\dimen108

(/usr/local/texlive/2014/texmf-dist/tex/latex/listings/lstmisc.sty
File: lstmisc.sty 2014/03/04 1.5c (Carsten Heinz)
\c@lstnumber=\count94
\lst@skipnumbers=\count95
\lst@framebox=\box27
)
(/usr/local/texlive/2014/texmf-dist/tex/latex/listings/listings.cfg
File: listings.cfg 2014/03/04 1.5c listings configuration
))
Package: listings 2014/03/04 1.5c (Carsten Heinz)

(/usr/local/texlive/2014/texmf-dist/tex/latex/graphics/color.sty
Package: color 2014/04/23 v1.1a Standard LaTeX Color (DPC)

(/usr/local/texlive/2014/texmf-dist/tex/latex/latexconfig/color.cfg
File: color.cfg 2007/01/18 v1.5 color configuration of teTeX/TeXLive
)
Package color Info: Driver file: pdftex.def on input line 137.
)
(/usr/local/texlive/2014/texmf-dist/tex/latex/listings/lstlang1.sty
File: lstlang1.sty 2014/03/04 1.5c listings language file
)
(/usr/local/texlive/2014/texmf-dist/tex/latex/listings/lstmisc.sty
File: lstmisc.sty 2014/03/04 1.5c (Carsten Heinz)
))
(/usr/local/texlive/2014/texmf-dist/tex/latex/base/textcomp.sty
Package: textcomp 2005/09/27 v1.99g Standard LaTeX package
Package textcomp Info: Sub-encoding information:
(textcomp)               5 = only ISO-Adobe without \textcurrency
(textcomp)               4 = 5 + \texteuro
(textcomp)               3 = 4 + \textohm
(textcomp)               2 = 3 + \textestimated + \textcurrency
(textcomp)               1 = TS1 - \textcircled - \t
(textcomp)               0 = TS1 (full)
(textcomp)             Font families with sub-encoding setting implement
(textcomp)             only a restricted character set as indicated.
(textcomp)             Family '?' is the default used for unknown fonts.
(textcomp)             See the documentation for details.
Package textcomp Info: Setting ? sub-encoding to TS1/1 on input line 71.

(/usr/local/texlive/2014/texmf-dist/tex/latex/base/ts1enc.def
File: ts1enc.def 2001/06/05 v3.0e (jk/car/fm) Standard LaTeX file
)
LaTeX Info: Redefining \oldstylenums on input line 266.
Package textcomp Info: Setting cmr sub-encoding to TS1/0 on input line 281.
Package textcomp Info: Setting cmss sub-encoding to TS1/0 on input line 282.
Package textcomp Info: Setting cmtt sub-encoding to TS1/0 on input line 283.
Package textcomp Info: Setting cmvtt sub-encoding to TS1/0 on input line 284.
Package textcomp Info: Setting cmbr sub-encoding to TS1/0 on input line 285.
Package textcomp Info: Setting cmtl sub-encoding to TS1/0 on input line 286.
Package textcomp Info: Setting ccr sub-encoding to TS1/0 on input line 287.
Package textcomp Info: Setting ptm sub-encoding to TS1/4 on input line 288.
Package textcomp Info: Setting pcr sub-encoding to TS1/4 on input line 289.
Package textcomp Info: Setting phv sub-encoding to TS1/4 on input line 290.
Package textcomp Info: Setting ppl sub-encoding to TS1/3 on input line 291.
Package textcomp Info: Setting pag sub-encoding to TS1/4 on input line 292.
Package textcomp Info: Setting pbk sub-encoding to TS1/4 on input line 293.
Package textcomp Info: Setting pnc sub-encoding to TS1/4 on input line 294.
Package textcomp Info: Setting pzc sub-encoding to TS1/4 on input line 295.
Package textcomp Info: Setting bch sub-encoding to TS1/4 on input line 296.
Package textcomp Info: Setting put sub-encoding to TS1/5 on input line 297.
Package textcomp Info: Setting uag sub-encoding to TS1/5 on input line 298.
Package textcomp Info: Setting ugq sub-encoding to TS1/5 on input line 299.
Package textcomp Info: Setting ul8 sub-encoding to TS1/4 on input line 300.
Package textcomp Info: Setting ul9 sub-encoding to TS1/4 on input line 301.
Package textcomp Info: Setting augie sub-encoding to TS1/5 on input line 302.
Package textcomp Info: Setting dayrom sub-encoding to TS1/3 on input line 303.
Package textcomp Info: Setting dayroms sub-encoding to TS1/3 on input line 304.

Package textcomp Info: Setting pxr sub-encoding to TS1/0 on input line 305.
Package textcomp Info: Setting pxss sub-encoding to TS1/0 on input line 306.
Package textcomp Info: Setting pxtt sub-encoding to TS1/0 on input line 307.
Package textcomp Info: Setting txr sub-encoding to TS1/0 on input line 308.
Package textcomp Info: Setting txss sub-encoding to TS1/0 on input line 309.
Package textcomp Info: Setting txtt sub-encoding to TS1/0 on input line 310.
Package textcomp Info: Setting lmr sub-encoding to TS1/0 on input line 311.
Package textcomp Info: Setting lmdh sub-encoding to TS1/0 on input line 312.
Package textcomp Info: Setting lmss sub-encoding to TS1/0 on input line 313.
Package textcomp Info: Setting lmssq sub-encoding to TS1/0 on input line 314.
Package textcomp Info: Setting lmvtt sub-encoding to TS1/0 on input line 315.
Package textcomp Info: Setting qhv sub-encoding to TS1/0 on input line 316.
Package textcomp Info: Setting qag sub-encoding to TS1/0 on input line 317.
Package textcomp Info: Setting qbk sub-encoding to TS1/0 on input line 318.
Package textcomp Info: Setting qcr sub-encoding to TS1/0 on input line 319.
Package textcomp Info: Setting qcs sub-encoding to TS1/0 on input line 320.
Package textcomp Info: Setting qpl sub-encoding to TS1/0 on input line 321.
Package textcomp Info: Setting qtm sub-encoding to TS1/0 on input line 322.
Package textcomp Info: Setting qzc sub-encoding to TS1/0 on input line 323.
Package textcomp Info: Setting qhvc sub-encoding to TS1/0 on input line 324.
Package textcomp Info: Setting futs sub-encoding to TS1/4 on input line 325.
Package textcomp Info: Setting futx sub-encoding to TS1/4 on input line 326.
Package textcomp Info: Setting futj sub-encoding to TS1/4 on input line 327.
Package textcomp Info: Setting hlh sub-encoding to TS1/3 on input line 328.
Package textcomp Info: Setting hls sub-encoding to TS1/3 on input line 329.
Package textcomp Info: Setting hlst sub-encoding to TS1/3 on input line 330.
Package textcomp Info: Setting hlct sub-encoding to TS1/5 on input line 331.
Package textcomp Info: Setting hlx sub-encoding to TS1/5 on input line 332.
Package textcomp Info: Setting hlce sub-encoding to TS1/5 on input line 333.
Package textcomp Info: Setting hlcn sub-encoding to TS1/5 on input line 334.
Package textcomp Info: Setting hlcw sub-encoding to TS1/5 on input line 335.
Package textcomp Info: Setting hlcf sub-encoding to TS1/5 on input line 336.
Package textcomp Info: Setting pplx sub-encoding to TS1/3 on input line 337.
Package textcomp Info: Setting pplj sub-encoding to TS1/3 on input line 338.
Package textcomp Info: Setting ptmx sub-encoding to TS1/4 on input line 339.
Package textcomp Info: Setting ptmj sub-encoding to TS1/4 on input line 340.
)
(/usr/local/texlive/2014/texmf-dist/tex/latex/titlesec/titlesec.sty
Package: titlesec 2011/12/15 v2.10.0 Sectioning titles
\ttl@box=\box28
\beforetitleunit=\skip43
\aftertitleunit=\skip44
\ttl@plus=\dimen109
\ttl@minus=\dimen110
\ttl@toksa=\toks16
\titlewidth=\dimen111
\titlewidthlast=\dimen112
\titlewidthfirst=\dimen113
)
(/usr/local/texlive/2014/texmf-dist/tex/latex/titlesec/block.tss
File: block.tss 2011/12/15
)
(./FinalReport.aux)
\openout1 = `FinalReport.aux'.

LaTeX Font Info:    Checking defaults for OML/cmm/m/it on input line 10.
LaTeX Font Info:    ... okay on input line 10.
LaTeX Font Info:    Checking defaults for T1/cmr/m/n on input line 10.
LaTeX Font Info:    ... okay on input line 10.
LaTeX Font Info:    Checking defaults for OT1/cmr/m/n on input line 10.
LaTeX Font Info:    ... okay on input line 10.
LaTeX Font Info:    Checking defaults for OMS/cmsy/m/n on input line 10.
LaTeX Font Info:    ... okay on input line 10.
LaTeX Font Info:    Checking defaults for OMX/cmex/m/n on input line 10.
LaTeX Font Info:    ... okay on input line 10.
LaTeX Font Info:    Checking defaults for U/cmr/m/n on input line 10.
LaTeX Font Info:    ... okay on input line 10.
LaTeX Font Info:    Checking defaults for TS1/cmr/m/n on input line 10.
LaTeX Font Info:    Try loading font information for TS1+cmr on input line 10.

(/usr/local/texlive/2014/texmf-dist/tex/latex/base/ts1cmr.fd
File: ts1cmr.fd 1999/05/25 v2.5h Standard LaTeX font definitions
)
LaTeX Font Info:    ... okay on input line 10.

(/usr/local/texlive/2014/texmf-dist/tex/context/base/supp-pdf.mkii
[Loading MPS to PDF converter (version 2006.09.02).]
\scratchcounter=\count96
\scratchdimen=\dimen114
\scratchbox=\box29
\nofMPsegments=\count97
\nofMParguments=\count98
\everyMPshowfont=\toks17
\MPscratchCnt=\count99
\MPscratchDim=\dimen115
\MPnumerator=\count100
\makeMPintoPDFobject=\count101
\everyMPtoPDFconversion=\toks18
) (/usr/local/texlive/2014/texmf-dist/tex/generic/oberdiek/pdftexcmds.sty
Package: pdftexcmds 2011/11/29 v0.20 Utility functions of pdfTeX for LuaTeX (HO
)

(/usr/local/texlive/2014/texmf-dist/tex/generic/oberdiek/ifluatex.sty
Package: ifluatex 2010/03/01 v1.3 Provides the ifluatex switch (HO)
Package ifluatex Info: LuaTeX not detected.
)
(/usr/local/texlive/2014/texmf-dist/tex/generic/oberdiek/ifpdf.sty
Package: ifpdf 2011/01/30 v2.3 Provides the ifpdf switch (HO)
Package ifpdf Info: pdfTeX in PDF mode is detected.
)
Package pdftexcmds Info: LuaTeX not detected.
Package pdftexcmds Info: \pdf@primitive is available.
Package pdftexcmds Info: \pdf@ifprimitive is available.
Package pdftexcmds Info: \pdfdraftmode found.
)
(/usr/local/texlive/2014/texmf-dist/tex/latex/oberdiek/epstopdf-base.sty
Package: epstopdf-base 2010/02/09 v2.5 Base part for package epstopdf

(/usr/local/texlive/2014/texmf-dist/tex/latex/oberdiek/grfext.sty
Package: grfext 2010/08/19 v1.1 Manage graphics extensions (HO)

(/usr/local/texlive/2014/texmf-dist/tex/generic/oberdiek/kvdefinekeys.sty
Package: kvdefinekeys 2011/04/07 v1.3 Define keys (HO)
))
(/usr/local/texlive/2014/texmf-dist/tex/latex/oberdiek/kvoptions.sty
Package: kvoptions 2011/06/30 v3.11 Key value format for package options (HO)

(/usr/local/texlive/2014/texmf-dist/tex/generic/oberdiek/kvsetkeys.sty
Package: kvsetkeys 2012/04/25 v1.16 Key value parser (HO)

(/usr/local/texlive/2014/texmf-dist/tex/generic/oberdiek/etexcmds.sty
Package: etexcmds 2011/02/16 v1.5 Avoid name clashes with e-TeX commands (HO)
Package etexcmds Info: Could not find \expanded.
(etexcmds)             That can mean that you are not using pdfTeX 1.50 or
(etexcmds)             that some package has redefined \expanded.
(etexcmds)             In the latter case, load this package earlier.
)))
Package grfext Info: Graphics extension search list:
(grfext)             [.png,.pdf,.jpg,.mps,.jpeg,.jbig2,.jb2,.PNG,.PDF,.JPG,.JPE
G,.JBIG2,.JB2,.eps]
(grfext)             \AppendGraphicsExtensions on input line 452.

(/usr/local/texlive/2014/texmf-dist/tex/latex/latexconfig/epstopdf-sys.cfg
File: epstopdf-sys.cfg 2010/07/13 v1.3 Configuration of (r)epstopdf for TeX Liv
e
))
\c@lstlisting=\count102
LaTeX Font Info:    External font `cmex10' loaded for size
(Font)              <14.4> on input line 22.
LaTeX Font Info:    External font `cmex10' loaded for size
(Font)              <7> on input line 22.

Underfull \hbox (badness 10000) in paragraph at lines 27--31

 []

[1

{/usr/local/texlive/2014/texmf-var/fonts/map/pdftex/updmap/pdftex.map}]
[2]
Overfull \hbox (5.14436pt too wide) in paragraph at lines 57--58
[]\OT1/cmr/m/n/12 http://[IP Ad-dress of Hub]:[Server Port]/macros/[Command Typ
e]/[Button Num-
 []

LaTeX Font Info:    External font `cmex10' loaded for size
(Font)              <12> on input line 63.
LaTeX Font Info:    External font `cmex10' loaded for size
(Font)              <8> on input line 63.
LaTeX Font Info:    External font `cmex10' loaded for size
(Font)              <6> on input line 63.
[3]
Overfull \hbox (7.02867pt too wide) in paragraph at lines 76--78
 \OT1/cmr/m/n/12 [3], where $\OML/cmm/m/it/12 ^^M$ \OT1/cmr/m/n/12 is wave-lent
ch, $\OML/cmm/m/it/12 v$ \OT1/cmr/m/n/12 is ve-loc-ity, and $\OML/cmm/m/it/12 f
$ \OT1/cmr/m/n/12 is fre-quency. In this case, $\OML/cmm/m/it/12 v \OT1/cmr/m/n
/12 = 299\OML/cmm/m/it/12 ; \OT1/cmr/m/n/12 792\OML/cmm/m/it/12 ; \OT1/cmr/m/n/
12 458[]$,
 []

[4] [5] [6] [7] [8] [9]
Underfull \hbox (badness 7151) in paragraph at lines 155--160
[]\OT1/cmr/m/n/12 ``The Wave Equa-tion." \OT1/cmr/m/it/12 The Wave Equa-tion\OT
1/cmr/m/n/12 . The Physics Class-room, n.d.
 []


Underfull \hbox (badness 1721) in paragraph at lines 155--160
\OT1/cmr/m/n/12 Web. 23 Apr. 2015. $\OT1/cmtt/m/n/12 http : / / www . physicscl
assroom . com / class / waves / Lesson-[]2 /
 []


Underfull \hbox (badness 5431) in paragraph at lines 204--209
[]\OT1/cmr/m/n/12 ``Kotek Case En-clo-sure." Ama-zon.com. \OT1/cmr/m/it/12 Ama-
zon, n.d. \OT1/cmr/m/n/12 Web. 23 Apr. 2015.
 []


Underfull \hbox (badness 10000) in paragraph at lines 204--209
\OT1/cmtt/m/n/12 http : / / www . amazon . com / gp / product / B00OFQIH50 / re
f = oh _ aui _ search _ detailpage ?
 []

[10]
Package epstopdf Info: Source file: <schedule.eps>
(epstopdf)                    date: 2015-04-23 14:24:53
(epstopdf)                    size: 652511 bytes
(epstopdf)             Output file: <schedule-eps-converted-to.pdf>
(epstopdf)                    date: 2015-04-23 14:26:06
(epstopdf)                    size: 10315 bytes
(epstopdf)             Command: <repstopdf --outfile=schedule-eps-converted-to.
pdf schedule.eps>
(epstopdf)             \includegraphics on input line 219.
Package epstopdf Info: Output file is already uptodate.
 <schedule-eps-converted-to.pdf, id=45, 368.37625pt x 291.0875pt>
File: schedule-eps-converted-to.pdf Graphic file (type pdf)

<use schedule-eps-converted-to.pdf>
Package pdftex.def Info: schedule-eps-converted-to.pdf used on input line 219.
(pdftex.def)             Requested size: 375.80542pt x 296.95416pt.
 [11 <./schedule-eps-converted-to.pdf>]
[12

]
Overfull \hbox (25.15242pt too wide) in paragraph at lines 286--287
[]\OT1/cmr/m/n/12 RF Trans-mit-ter: $\OT1/cmtt/m/n/12 http : / / cdn . sparkfun
 . com / datasheets / Wireless / General / TWS-[]BS-[]6 _
 []


Overfull \hbox (13.85011pt too wide) in paragraph at lines 288--289
[]\OT1/cmr/m/n/12 IR LED: $\OT1/cmtt/m/n/12 http : / / cdn . sparkfun . com / d
atasheets / Components / LED / YSL-[]R531FR1C-[]F1 .
 []


Overfull \hbox (103.95247pt too wide) in paragraph at lines 289--290
[]\OT1/cmr/m/n/12 Colored LEDs: $\OT1/cmtt/m/n/12 http : / / www . sparkfun . c
om / datasheets / Components / LED / COM-[]09590-[]YSL-[]R531R3D-[]D2 .
 []

[13

]
Package epstopdf Info: Source file: <CKT-child.eps>
(epstopdf)                    date: 2015-04-21 23:26:49
(epstopdf)                    size: 1988694 bytes
(epstopdf)             Output file: <CKT-child-eps-converted-to.pdf>
(epstopdf)                    date: 2015-04-21 23:28:02
(epstopdf)                    size: 16445 bytes
(epstopdf)             Command: <repstopdf --outfile=CKT-child-eps-converted-to
.pdf CKT-child.eps>
(epstopdf)             \includegraphics on input line 299.
Package epstopdf Info: Output file is already uptodate.
 <CKT-child-eps-converted-to.pdf, id=59, 443.6575pt x 417.56pt>
File: CKT-child-eps-converted-to.pdf Graphic file (type pdf)

<use CKT-child-eps-converted-to.pdf>
Package pdftex.def Info: CKT-child-eps-converted-to.pdf used on input line 299.

(pdftex.def)             Requested size: 375.80542pt x 353.69797pt.
Package epstopdf Info: Source file: <CKT-hub.eps>
(epstopdf)                    date: 2015-04-21 23:27:03
(epstopdf)                    size: 364207 bytes
(epstopdf)             Output file: <CKT-hub-eps-converted-to.pdf>
(epstopdf)                    date: 2015-04-21 23:28:04
(epstopdf)                    size: 6304 bytes
(epstopdf)             Command: <repstopdf --outfile=CKT-hub-eps-converted-to.p
df CKT-hub.eps>
(epstopdf)             \includegraphics on input line 305.
Package epstopdf Info: Output file is already uptodate.

<CKT-hub-eps-converted-to.pdf, id=60, 196.735pt x 170.6375pt>
File: CKT-hub-eps-converted-to.pdf Graphic file (type pdf)

<use CKT-hub-eps-converted-to.pdf>
Package pdftex.def Info: CKT-hub-eps-converted-to.pdf used on input line 305.
(pdftex.def)             Requested size: 375.80542pt x 325.97731pt.
 [14

 <./CKT-child-eps-converted-to.pdf>]
[15 <./CKT-hub-eps-converted-to.pdf>]
Package epstopdf Info: Source file: <child-packaging.eps>
(epstopdf)                    date: 2015-04-23 14:28:54
(epstopdf)                    size: 476348 bytes
(epstopdf)             Output file: <child-packaging-eps-converted-to.pdf>
(epstopdf)                    date: 2015-04-23 14:31:45
(epstopdf)                    size: 23471 bytes
(epstopdf)             Command: <repstopdf --outfile=child-packaging-eps-conver
ted-to.pdf child-packaging.eps>
(epstopdf)             \includegraphics on input line 314.
Package epstopdf Info: Output file is already uptodate.

<child-packaging-eps-converted-to.pdf, id=73, 321.2pt x 242.9075pt>
File: child-packaging-eps-converted-to.pdf Graphic file (type pdf)

<use child-packaging-eps-converted-to.pdf>
Package pdftex.def Info: child-packaging-eps-converted-to.pdf used on input lin
e 314.
(pdftex.def)             Requested size: 234.87749pt x 177.63232pt.
Package epstopdf Info: Source file: <hub-packaging.eps>
(epstopdf)                    date: 2015-04-23 14:30:06
(epstopdf)                    size: 835177 bytes
(epstopdf)             Output file: <hub-packaging-eps-converted-to.pdf>
(epstopdf)                    date: 2015-04-23 14:31:47
(epstopdf)                    size: 35015 bytes
(epstopdf)             Command: <repstopdf --outfile=hub-packaging-eps-converte
d-to.pdf hub-packaging.eps>
(epstopdf)             \includegraphics on input line 320.
Package epstopdf Info: Output file is already uptodate.

<hub-packaging-eps-converted-to.pdf, id=74, 377.41pt x 364.36125pt>
File: hub-packaging-eps-converted-to.pdf Graphic file (type pdf)

<use hub-packaging-eps-converted-to.pdf>
Package pdftex.def Info: hub-packaging-eps-converted-to.pdf used on input line 
320.
(pdftex.def)             Requested size: 234.87749pt x 226.75783pt.
Package epstopdf Info: Source file: <final.eps>
(epstopdf)                    date: 2015-04-23 15:42:53
(epstopdf)                    size: 63851364 bytes
(epstopdf)             Output file: <final-eps-converted-to.pdf>
(epstopdf)                    date: 2015-04-23 15:43:19
(epstopdf)                    size: 3288055 bytes
(epstopdf)             Command: <repstopdf --outfile=final-eps-converted-to.pdf
 final.eps>
(epstopdf)             \includegraphics on input line 326.
Package epstopdf Info: Output file is already uptodate.

<final-eps-converted-to.pdf, id=75, 4336.2pt x 2441.12pt>
File: final-eps-converted-to.pdf Graphic file (type pdf)

<use final-eps-converted-to.pdf>
Package pdftex.def Info: final-eps-converted-to.pdf used on input line 326.
(pdftex.def)             Requested size: 234.87749pt x 132.19472pt.
Package epstopdf Info: Source file: <SD-SDR.eps>
(epstopdf)                    date: 2015-04-21 22:58:55
(epstopdf)                    size: 2687422 bytes
(epstopdf)             Output file: <SD-SDR-eps-converted-to.pdf>
(epstopdf)                    date: 2015-04-21 23:05:25
(epstopdf)                    size: 57690 bytes
(epstopdf)             Command: <repstopdf --outfile=SD-SDR-eps-converted-to.pd
f SD-SDR.eps>
(epstopdf)             \includegraphics on input line 334.
Package epstopdf Info: Output file is already uptodate.

<SD-SDR-eps-converted-to.pdf, id=76, 609.27625pt x 729.72626pt>
File: SD-SDR-eps-converted-to.pdf Graphic file (type pdf)

<use SD-SDR-eps-converted-to.pdf>
Package pdftex.def Info: SD-SDR-eps-converted-to.pdf used on input line 334.
(pdftex.def)             Requested size: 375.80542pt x 450.10959pt.
Package epstopdf Info: Source file: <SD-gpio.eps>
(epstopdf)                    date: 2015-04-21 23:00:12
(epstopdf)                    size: 1294616 bytes
(epstopdf)             Output file: <SD-gpio-eps-converted-to.pdf>
(epstopdf)                    date: 2015-04-21 23:02:30
(epstopdf)                    size: 13707 bytes
(epstopdf)             Command: <repstopdf --outfile=SD-gpio-eps-converted-to.p
df SD-gpio.eps>
(epstopdf)             \includegraphics on input line 340.
Package epstopdf Info: Output file is already uptodate.

<SD-gpio-eps-converted-to.pdf, id=77, 741.77126pt x 288.07625pt>
File: SD-gpio-eps-converted-to.pdf Graphic file (type pdf)

<use SD-gpio-eps-converted-to.pdf>
Package pdftex.def Info: SD-gpio-eps-converted-to.pdf used on input line 340.
(pdftex.def)             Requested size: 328.82706pt x 127.7034pt.
 [16

 <./child-packaging-eps-converted-to.pdf> <./hub-packaging-eps-converted-to.pdf
>] [17 <./final-eps-converted-to.pdf> <./SD-SDR-eps-converted-to.pdf>] [18 <./S
D-gpio-eps-converted-to.pdf>]
Package epstopdf Info: Source file: <AD-SDR.eps>
(epstopdf)                    date: 2015-04-21 23:01:07
(epstopdf)                    size: 3128066 bytes
(epstopdf)             Output file: <AD-SDR-eps-converted-to.pdf>
(epstopdf)                    date: 2015-04-21 23:05:28
(epstopdf)                    size: 104221 bytes
(epstopdf)             Command: <repstopdf --outfile=AD-SDR-eps-converted-to.pd
f AD-SDR.eps>
(epstopdf)             \includegraphics on input line 349.
Package epstopdf Info: Output file is already uptodate.

<AD-SDR-eps-converted-to.pdf, id=102, 702.625pt x 736.7525pt>
File: AD-SDR-eps-converted-to.pdf Graphic file (type pdf)

<use AD-SDR-eps-converted-to.pdf>
Package pdftex.def Info: AD-SDR-eps-converted-to.pdf used on input line 349.
(pdftex.def)             Requested size: 375.80542pt x 394.07439pt.
Package epstopdf Info: Source file: <AD-gpio.eps>
(epstopdf)                    date: 2015-04-21 23:00:55
(epstopdf)                    size: 1929630 bytes
(epstopdf)             Output file: <AD-gpio-eps-converted-to.pdf>
(epstopdf)                    date: 2015-04-21 23:05:30
(epstopdf)                    size: 79633 bytes
(epstopdf)             Command: <repstopdf --outfile=AD-gpio-eps-converted-to.p
df AD-gpio.eps>
(epstopdf)             \includegraphics on input line 355.
Package epstopdf Info: Output file is already uptodate.

<AD-gpio-eps-converted-to.pdf, id=103, 639.38875pt x 498.86375pt>
File: AD-gpio-eps-converted-to.pdf Graphic file (type pdf)

<use AD-gpio-eps-converted-to.pdf>
Package pdftex.def Info: AD-gpio-eps-converted-to.pdf used on input line 355.
(pdftex.def)             Requested size: 375.80542pt x 293.2157pt.
Package epstopdf Info: Source file: <AD-childuino.eps>
(epstopdf)                    date: 2015-04-21 23:00:42
(epstopdf)                    size: 2654400 bytes
(epstopdf)             Output file: <AD-childuino-eps-converted-to.pdf>
(epstopdf)                    date: 2015-04-21 23:05:32
(epstopdf)                    size: 71884 bytes
(epstopdf)             Command: <repstopdf --outfile=AD-childuino-eps-converted
-to.pdf AD-childuino.eps>
(epstopdf)             \includegraphics on input line 361.
Package epstopdf Info: Output file is already uptodate.

<AD-childuino-eps-converted-to.pdf, id=104, 571.13374pt x 768.8725pt>
File: AD-childuino-eps-converted-to.pdf Graphic file (type pdf)

<use AD-childuino-eps-converted-to.pdf>
Package pdftex.def Info: AD-childuino-eps-converted-to.pdf used on input line 3
61.
(pdftex.def)             Requested size: 375.80542pt x 505.92052pt.
 [19

 <./AD-SDR-eps-converted-to.pdf>]
[20 <./AD-gpio-eps-converted-to.pdf>] [21 <./AD-childuino-eps-converted-to.pdf>
] (./AndroidManifest.xml
LaTeX Font Info:    Try loading font information for OML+cmr on input line 1.

(/usr/local/texlive/2014/texmf-dist/tex/latex/base/omlcmr.fd
File: omlcmr.fd 1999/05/25 v2.5h Standard LaTeX font definitions
)
LaTeX Font Info:    Font shape `OML/cmr/m/n' in size <12> not available
(Font)              Font shape `OML/cmm/m/it' tried instead on input line 1.
)
(./MainActivity.java [22

]
LaTeX Font Info:    Try loading font information for OMS+cmr on input line 27.

(/usr/local/texlive/2014/texmf-dist/tex/latex/base/omscmr.fd
File: omscmr.fd 1999/05/25 v2.5h Standard LaTeX font definitions
)
LaTeX Font Info:    Font shape `OMS/cmr/m/n' in size <12> not available
(Font)              Font shape `OMS/cmsy/m/n' tried instead on input line 27.
 [23] [24]
[25] [26] [27] [28] [29] [30] [31] [32] [33] [34] [35] [36]) [37]
(./UserSettingsActivity.java [38]) (./mGPIO.java [39] [40])
(./activity_main.xml [41] [42] [43] [44] [45] [46]) (./preferences.xml [47]
[48]) (./strings.xml [49]) (./mButton.java [50])
Underfull \hbox (badness 10000) in paragraph at lines 385--386

 []

(./gpioV2.py [51] [52])
Underfull \hbox (badness 10000) in paragraph at lines 390--391

 []

(/usr/local/texlive/2014/texmf-dist/tex/latex/listings/lstlang1.sty
File: lstlang1.sty 2014/03/04 1.5c listings language file
)
(/usr/local/texlive/2014/texmf-dist/tex/latex/listings/lstmisc.sty
File: lstmisc.sty 2014/03/04 1.5c (Carsten Heinz)
)
(./childuino.cpp [53] [54] [55] [56] [57] [58]) [59] (./FinalReport.aux) ) 
Here is how much of TeX's memory you used:
 4745 strings out of 493117
 68549 string characters out of 6135433
 256426 words of memory out of 5000000
 8109 multiletter control sequences out of 15000+600000
 9871 words of font info for 35 fonts, out of 8000000 for 9000
 1142 hyphenation exceptions out of 8191
 38i,9n,61p,1518b,1615s stack positions out of 5000i,500n,10000p,200000b,80000s
{/usr
/local/texlive/2014/texmf-dist/fonts/enc/dvips/cm-super/cm-super-ts1.enc}</usr/
local/texlive/2014/texmf-dist/fonts/type1/public/amsfonts/cm/cmbx10.pfb></usr/l
ocal/texlive/2014/texmf-dist/fonts/type1/public/amsfonts/cm/cmbx12.pfb></usr/lo
cal/texlive/2014/texmf-dist/fonts/type1/public/amsfonts/cm/cmmi12.pfb></usr/loc
al/texlive/2014/texmf-dist/fonts/type1/public/amsfonts/cm/cmmi8.pfb></usr/local
/texlive/2014/texmf-dist/fonts/type1/public/amsfonts/cm/cmr10.pfb></usr/local/t
exlive/2014/texmf-dist/fonts/type1/public/amsfonts/cm/cmr12.pfb></usr/local/tex
live/2014/texmf-dist/fonts/type1/public/amsfonts/cm/cmr17.pfb></usr/local/texli
ve/2014/texmf-dist/fonts/type1/public/amsfonts/cm/cmr6.pfb></usr/local/texlive/
2014/texmf-dist/fonts/type1/public/amsfonts/cm/cmsy10.pfb></usr/local/texlive/2
014/texmf-dist/fonts/type1/public/amsfonts/cm/cmti10.pfb></usr/local/texlive/20
14/texmf-dist/fonts/type1/public/amsfonts/cm/cmti12.pfb></usr/local/texlive/201
4/texmf-dist/fonts/type1/public/amsfonts/cm/cmtt12.pfb></usr/local/texlive/2014
/texmf-dist/fonts/type1/public/cm-super/sfrm1200.pfb>
Output written on FinalReport.pdf (59 pages, 3971348 bytes).
PDF statistics:
 292 PDF objects out of 1000 (max. 8388607)
 194 compressed objects within 2 object streams
 0 named destinations out of 1000 (max. 500000)
 56 words of extra memory for PDF output out of 10000 (max. 10000000)

